<?xml version="1.0" encoding="UTF-8"?>
<testsuite name="com.epam.test.UnitTestService" tests="1" skipped="0" failures="0" errors="0" timestamp="2017-04-16T17:50:36" hostname="EPBYGROW0321" time="0.001">
  <properties/>
  <testcase name="test" classname="com.epam.test.UnitTestService" time="0.001"/>
  <system-out><![CDATA[TEST unsit started!
TEST unit  finished!
]]></system-out>
  <system-err><![CDATA[]]></system-err>
</testsuite>
